{"uuid":"a02c2b82-41a5-4767-a4b4-fb8ab96cfce5","historyId":"66d5f15f526ad58b6f1a42c6f25609ec","fullName":"SearchActioTc.searchDealCode","labels":[{"name":"package","value":"SearchActioTc"},{"name":"testClass","value":"SearchActioTc"},{"name":"testMethod","value":"searchDealCode"},{"name":"parentSuite","value":"Default Suite"},{"name":"suite","value":"SHAFT_NEW"},{"name":"subSuite","value":"SearchActioTc"},{"name":"host","value":"DESKTOP-0HK0F4S"},{"name":"thread","value":"8096@DESKTOP-0HK0F4S.main(1)"},{"name":"framework","value":"testng"},{"name":"language","value":"java"}],"links":[],"name":"searchDealCode","status":"failed","statusDetails":{"known":false,"muted":false,"flaky":false,"message":"Assertion failed; expected Approved, but found Rejected","trace":"java.lang.AssertionError: Assertion failed; expected Approved, but found Rejected\r\n\tat org.testng.Assert.fail(Assert.java:111)\r\n\tat com.shaft.tools.io.internal.FailureReporter.fail(FailureReporter.java:43)\r\n\tat com.shaft.validation.internal.ValidationsHelper2.lambda$reportValidationState$10(ValidationsHelper2.java:266)\r\n\tat io.qameta.allure.AllureLifecycle.updateStep(AllureLifecycle.java:520)\r\n\tat io.qameta.allure.AllureLifecycle.updateStep(AllureLifecycle.java:501)\r\n\tat com.shaft.validation.internal.ValidationsHelper2.reportValidationState(ValidationsHelper2.java:266)\r\n\tat com.shaft.validation.internal.ValidationsHelper2.validateEquals(ValidationsHelper2.java:52)\r\n\tat com.shaft.validation.internal.ValidationsExecutor.performValidation(ValidationsExecutor.java:165)\r\n\tat com.shaft.validation.internal.ValidationsExecutor.internalPerform(ValidationsExecutor.java:154)\r\n\tat com.shaft.validation.internal.NativeValidationsBuilder.isEqualTo(NativeValidationsBuilder.java:83)\r\n\tat SearchActioTc.searchDealCode(SearchActioTc.java:46)\r\n\tat java.base/jdk.internal.reflect.DirectMethodHandleAccessor.invoke(DirectMethodHandleAccessor.java:103)\r\n\tat java.base/java.lang.reflect.Method.invoke(Method.java:580)\r\n\tat org.testng.internal.invokers.MethodInvocationHelper.invokeMethod(MethodInvocationHelper.java:141)\r\n\tat org.testng.internal.invokers.TestInvoker.invokeMethod(TestInvoker.java:686)\r\n\tat org.testng.internal.invokers.TestInvoker.invokeTestMethod(TestInvoker.java:230)\r\n\tat org.testng.internal.invokers.MethodRunner.runInSequence(MethodRunner.java:63)\r\n\tat org.testng.internal.invokers.TestInvoker$MethodInvocationAgent.invoke(TestInvoker.java:992)\r\n\tat org.testng.internal.invokers.TestInvoker.invokeTestMethods(TestInvoker.java:203)\r\n\tat org.testng.internal.invokers.TestMethodWorker.invokeTestMethods(TestMethodWorker.java:154)\r\n\tat org.testng.internal.invokers.TestMethodWorker.run(TestMethodWorker.java:134)\r\n\tat java.base/java.util.ArrayList.forEach(ArrayList.java:1597)\r\n\tat org.testng.TestRunner.privateRun(TestRunner.java:739)\r\n\tat org.testng.TestRunner.run(TestRunner.java:614)\r\n\tat org.testng.SuiteRunner.runTest(SuiteRunner.java:421)\r\n\tat org.testng.SuiteRunner.runSequentially(SuiteRunner.java:413)\r\n\tat org.testng.SuiteRunner.privateRun(SuiteRunner.java:373)\r\n\tat org.testng.SuiteRunner.run(SuiteRunner.java:312)\r\n\tat org.testng.SuiteRunnerWorker.runSuite(SuiteRunnerWorker.java:52)\r\n\tat org.testng.SuiteRunnerWorker.run(SuiteRunnerWorker.java:95)\r\n\tat org.testng.TestNG.runSuitesSequentially(TestNG.java:1274)\r\n\tat org.testng.TestNG.runSuitesLocally(TestNG.java:1208)\r\n\tat org.testng.TestNG.runSuites(TestNG.java:1112)\r\n\tat org.testng.TestNG.run(TestNG.java:1079)\r\n\tat com.intellij.rt.testng.IDEARemoteTestNG.run(IDEARemoteTestNG.java:65)\r\n\tat com.intellij.rt.testng.RemoteTestNGStarter.main(RemoteTestNGStarter.java:105)\r\n"},"stage":"finished","steps":[{"name":"Type \"e.saady\" into \"Username *\".","status":"passed","stage":"finished","steps":[],"attachments":[],"parameters":[],"start":1747207444117,"stop":1747207444117},{"name":"Type \"qqE6)Cxp6>B8\" into \"Password * Forgot Password?\".","status":"passed","stage":"finished","steps":[],"attachments":[],"parameters":[],"start":1747207444243,"stop":1747207444243},{"name":"Click \"Login\".","status":"passed","stage":"finished","steps":[],"attachments":[],"parameters":[],"start":1747207444486,"stop":1747207444486},{"name":"Click \"Master\".","status":"passed","stage":"finished","steps":[],"attachments":[],"parameters":[],"start":1747207445506,"stop":1747207445506},{"name":"Click \"By.xpath: (//a[@class='ng-star-inserted'])[1]\".","status":"passed","stage":"finished","steps":[],"attachments":[],"parameters":[],"start":1747207445883,"stop":1747207445883},{"name":"Click \"Deal Code\".","status":"passed","stage":"finished","steps":[],"attachments":[],"parameters":[],"start":1747207446144,"stop":1747207446144},{"name":"Click \"By.xpath: (//span[contains(@class, 'p-dropdown-label')])[1]\".","status":"passed","stage":"finished","steps":[],"attachments":[],"parameters":[],"start":1747207446536,"stop":1747207446536},{"name":"Click \"Relative Locator: {filters=[{kind=below, args=[{xpath=(//span[contains(@class, 'p-dropdown-label')])[1]}]}], root={xpath=//*[contains(.,\"Galileo\")]}}\".","status":"passed","stage":"finished","steps":[],"attachments":[],"parameters":[],"start":1747207446882,"stop":1747207446882},{"name":"Click \"By.xpath: (//span[contains(@class,\"p-dropdown-label\")])[2]\".","status":"passed","stage":"finished","steps":[],"attachments":[],"parameters":[],"start":1747207447124,"stop":1747207447124},{"name":"Click \"Relative Locator: {filters=[{kind=below, args=[{xpath=(//span[contains(@class,\"p-dropdown-label\")])[2]}]}], root={xpath=//*[contains(.,\"Galileo Live UAE\")]}}\".","status":"passed","stage":"finished","steps":[],"attachments":[],"parameters":[],"start":1747207447405,"stop":1747207447405},{"name":"Click \"By.xpath: (//div[contains(@class,\"p-radiobutton-box\")])[3]\".","status":"passed","stage":"finished","steps":[],"attachments":[],"parameters":[],"start":1747207447611,"stop":1747207447611},{"name":"Click \"Search\".","status":"passed","stage":"finished","steps":[],"attachments":[],"parameters":[],"start":1747207447853,"stop":1747207447853},{"name":"Click \"By.className: mg-end-10\".","status":"passed","stage":"finished","steps":[],"attachments":[],"parameters":[],"start":1747207448382,"stop":1747207448382},{"name":"Get Text from \"Approved\", text is \"Approved\".","status":"passed","stage":"finished","steps":[],"attachments":[],"parameters":[],"start":1747207449358,"stop":1747207449358},{"name":" Assert that \"Approved\" is equal to \"Approved\".","status":"passed","stage":"finished","steps":[{"name":"Assertion passed","status":"passed","stage":"finished","steps":[],"attachments":[],"parameters":[],"start":1747207449391,"stop":1747207449391}],"attachments":[],"parameters":[{"name":"Expected value","value":"Approved","mode":"default"},{"name":"Actual value","value":"Approved","mode":"default"},{"name":"Comparison type","value":"Equals","mode":"default"},{"name":"Validation","value":"Positive","mode":"default"}],"start":1747207449384,"stop":1747207449391},{"name":"Get Text from \"Approved\", text is \"Approved\".","status":"passed","stage":"finished","steps":[],"attachments":[],"parameters":[],"start":1747207449403,"stop":1747207449403},{"name":" Assert that \"Approved\" is equal to \"Approved\".","status":"passed","stage":"finished","steps":[{"name":"Assertion passed","status":"passed","stage":"finished","steps":[],"attachments":[],"parameters":[],"start":1747207449405,"stop":1747207449405}],"attachments":[],"parameters":[{"name":"Expected value","value":"Approved","mode":"default"},{"name":"Actual value","value":"Approved","mode":"default"},{"name":"Comparison type","value":"Equals","mode":"default"},{"name":"Validation","value":"Positive","mode":"default"}],"start":1747207449404,"stop":1747207449405},{"name":"Get Text from \"Approved\", text is \"Approved\".","status":"passed","stage":"finished","steps":[],"attachments":[],"parameters":[],"start":1747207449416,"stop":1747207449416},{"name":" Assert that \"Approved\" is equal to \"Approved\".","status":"passed","stage":"finished","steps":[{"name":"Assertion passed","status":"passed","stage":"finished","steps":[],"attachments":[],"parameters":[],"start":1747207449418,"stop":1747207449418}],"attachments":[],"parameters":[{"name":"Expected value","value":"Approved","mode":"default"},{"name":"Actual value","value":"Approved","mode":"default"},{"name":"Comparison type","value":"Equals","mode":"default"},{"name":"Validation","value":"Positive","mode":"default"}],"start":1747207449417,"stop":1747207449418},{"name":"Get Text from \"Rejected\", text is \"Rejected\".","status":"passed","stage":"finished","steps":[],"attachments":[],"parameters":[],"start":1747207449429,"stop":1747207449429},{"name":" Assert that \"Rejected\" is equal to \"Approved\".","status":"failed","statusDetails":{"known":false,"muted":false,"flaky":false,"message":"Assertion failed; expected Approved, but found Rejected","trace":"java.lang.AssertionError: Assertion failed; expected Approved, but found Rejected\r\n\tat org.testng.Assert.fail(Assert.java:111)\r\n\tat com.shaft.tools.io.internal.FailureReporter.fail(FailureReporter.java:43)\r\n\tat com.shaft.validation.internal.ValidationsHelper2.lambda$reportValidationState$10(ValidationsHelper2.java:266)\r\n\tat io.qameta.allure.AllureLifecycle.updateStep(AllureLifecycle.java:520)\r\n\tat io.qameta.allure.AllureLifecycle.updateStep(AllureLifecycle.java:501)\r\n\tat com.shaft.validation.internal.ValidationsHelper2.reportValidationState(ValidationsHelper2.java:266)\r\n\tat com.shaft.validation.internal.ValidationsHelper2.validateEquals(ValidationsHelper2.java:52)\r\n\tat com.shaft.validation.internal.ValidationsExecutor.performValidation(ValidationsExecutor.java:165)\r\n\tat com.shaft.validation.internal.ValidationsExecutor.internalPerform(ValidationsExecutor.java:154)\r\n\tat com.shaft.validation.internal.NativeValidationsBuilder.isEqualTo(NativeValidationsBuilder.java:83)\r\n\tat SearchActioTc.searchDealCode(SearchActioTc.java:46)\r\n\tat java.base/jdk.internal.reflect.DirectMethodHandleAccessor.invoke(DirectMethodHandleAccessor.java:103)\r\n\tat java.base/java.lang.reflect.Method.invoke(Method.java:580)\r\n\tat org.testng.internal.invokers.MethodInvocationHelper.invokeMethod(MethodInvocationHelper.java:141)\r\n\tat org.testng.internal.invokers.TestInvoker.invokeMethod(TestInvoker.java:686)\r\n\tat org.testng.internal.invokers.TestInvoker.invokeTestMethod(TestInvoker.java:230)\r\n\tat org.testng.internal.invokers.MethodRunner.runInSequence(MethodRunner.java:63)\r\n\tat org.testng.internal.invokers.TestInvoker$MethodInvocationAgent.invoke(TestInvoker.java:992)\r\n\tat org.testng.internal.invokers.TestInvoker.invokeTestMethods(TestInvoker.java:203)\r\n\tat org.testng.internal.invokers.TestMethodWorker.invokeTestMethods(TestMethodWorker.java:154)\r\n\tat org.testng.internal.invokers.TestMethodWorker.run(TestMethodWorker.java:134)\r\n\tat java.base/java.util.ArrayList.forEach(ArrayList.java:1597)\r\n\tat org.testng.TestRunner.privateRun(TestRunner.java:739)\r\n\tat org.testng.TestRunner.run(TestRunner.java:614)\r\n\tat org.testng.SuiteRunner.runTest(SuiteRunner.java:421)\r\n\tat org.testng.SuiteRunner.runSequentially(SuiteRunner.java:413)\r\n\tat org.testng.SuiteRunner.privateRun(SuiteRunner.java:373)\r\n\tat org.testng.SuiteRunner.run(SuiteRunner.java:312)\r\n\tat org.testng.SuiteRunnerWorker.runSuite(SuiteRunnerWorker.java:52)\r\n\tat org.testng.SuiteRunnerWorker.run(SuiteRunnerWorker.java:95)\r\n\tat org.testng.TestNG.runSuitesSequentially(TestNG.java:1274)\r\n\tat org.testng.TestNG.runSuitesLocally(TestNG.java:1208)\r\n\tat org.testng.TestNG.runSuites(TestNG.java:1112)\r\n\tat org.testng.TestNG.run(TestNG.java:1079)\r\n\tat com.intellij.rt.testng.IDEARemoteTestNG.run(IDEARemoteTestNG.java:65)\r\n\tat com.intellij.rt.testng.RemoteTestNGStarter.main(RemoteTestNGStarter.java:105)\r\n"},"stage":"finished","steps":[{"name":"Assertion failed; expected Approved, but found Rejected","status":"failed","stage":"finished","steps":[],"attachments":[],"parameters":[],"start":1747207449433,"stop":1747207449433}],"attachments":[],"parameters":[{"name":"Expected value","value":"Approved","mode":"default"},{"name":"Actual value","value":"Rejected","mode":"default"},{"name":"Comparison type","value":"Equals","mode":"default"},{"name":"Validation","value":"Positive","mode":"default"}],"start":1747207449430,"stop":1747207449434}],"attachments":[{"name":"SHAFT Engine Logs - Current Method log: searchDealCode","source":"cca35a33-9758-4414-bf04-c3563e638e49-attachment.txt","type":"text/plain"}],"parameters":[],"start":1747207443945,"stop":1747207449439}